<?xml version="1.0" encoding="UTF-8"?>
<!-- Generated by org.testng.reporters.JUnitReportReporter -->
<testsuite hostname="LAPTOP-3FC1F8QA" failures="0" tests="1" name="com.simplilearn.eLearning.SimplilearnWithTDD.eLearning" time="1.043" errors="0" timestamp="2023-12-27T18:09:15 IST" skipped="0">
  <testcase classname="com.simplilearn.eLearning.SimplilearnWithTDD.eLearning" name="testWebsiteTitle" time="1.043"/>
</testsuite> <!-- com.simplilearn.eLearning.SimplilearnWithTDD.eLearning -->
